<?xml version="1.0" encoding="UTF-8"?>
<!-- Generated by org.testng.reporters.JUnitReportReporter -->
<testsuite hostname="Imperetors" failures="0" tests="1" name="Assignment_4.Data_Tables" time="3.721" errors="0" timestamp="2025-01-21T13:24:19 EST" skipped="0">
  <testcase classname="Assignment_4.Data_Tables" name="Test3" time="3.721"/>
</testsuite> <!-- Assignment_4.Data_Tables -->
