<?xml version="1.0" encoding="UTF-8"?>
<!-- Generated by org.testng.reporters.JUnitReportReporter -->
<testsuite hostname="Imperetors" failures="0" tests="1" name="final_work.testCase.TestCase" time="40.090" errors="0" timestamp="2025-02-07T12:39:13 EST" skipped="0">
  <testcase classname="final_work.testCase.TestCase" name="execution" time="40.090"/>
</testsuite> <!-- final_work.testCase.TestCase -->
