<?xml version="1.0" encoding="UTF-8"?>
<!-- Generated by org.testng.reporters.JUnitReportReporter -->
<testsuite hostname="Imperetors" failures="0" tests="3" name="Assignment_5.FDCalculator_Excel" time="4.616" errors="0" timestamp="2025-02-01T09:05:03 EST" skipped="1">
  <testcase classname="Assignment_5.FDCalculator_Excel" name="popup" time="0.101"/>
  <testcase classname="Assignment_5.FDCalculator_Excel" name="FDExcel" time="4.515"/>
  <testcase classname="Assignment_5.FDCalculator_Excel" name="Test">
    <skipped/>
  </testcase> <!-- Test -->
</testsuite> <!-- Assignment_5.FDCalculator_Excel -->
